<?xml version="1.0" encoding="UTF-8"?>
<testng-results skipped="0" failed="0" ignored="0" total="1" passed="1">
  <reporter-output>
  </reporter-output>
  <suite name="Surefire suite" duration-ms="6606" started-at="2018-10-28T00:14:24 CST" finished-at="2018-10-28T00:14:31 CST">
    <groups>
    </groups>
    <test name="Surefire test" duration-ms="6606" started-at="2018-10-28T00:14:24 CST" finished-at="2018-10-28T00:14:31 CST">
      <class name="cn.linkbook.loginfront.LoginFrontApplicationTests">
        <test-method status="PASS" signature="contextLoads()" name="contextLoads" duration-ms="5170" started-at="2018-10-28T00:14:25 CST" finished-at="2018-10-28T00:14:31 CST">
          <reporter-output>
          </reporter-output>
        </test-method> <!-- contextLoads -->
      </class> <!-- cn.linkbook.loginfront.LoginFrontApplicationTests -->
    </test> <!-- Surefire test -->
  </suite> <!-- Surefire suite -->
</testng-results>
