<?xml version="1.0" encoding="UTF-8"?>
<testng-results skipped="0" failed="0" ignored="0" total="1" passed="1">
  <reporter-output>
  </reporter-output>
  <suite name="Surefire suite" duration-ms="7418" started-at="2018-10-28T00:14:08 CST" finished-at="2018-10-28T00:14:15 CST">
    <groups>
    </groups>
    <test name="Surefire test" duration-ms="7418" started-at="2018-10-28T00:14:08 CST" finished-at="2018-10-28T00:14:15 CST">
      <class name="cn.book.login.LoginApplicationTests">
        <test-method status="PASS" signature="contextLoads()" name="contextLoads" duration-ms="6388" started-at="2018-10-28T00:14:09 CST" finished-at="2018-10-28T00:14:15 CST">
          <reporter-output>
          </reporter-output>
        </test-method> <!-- contextLoads -->
      </class> <!-- cn.book.login.LoginApplicationTests -->
    </test> <!-- Surefire test -->
  </suite> <!-- Surefire suite -->
</testng-results>
